<?xml version="1.0" encoding="UTF-8"?>
<!-- Generated by org.testng.reporters.JUnitXMLReporter -->
<testsuite hostname="DESKTOP-COF0CMN" ignored="0" name="Default test" tests="3" failures="0" timestamp="18 Apr 2020 12:04:56 GMT" time="57.48" errors="0">
  <testcase name="tc22" time="23.761" classname="ParallelTest.RedbusEdge"/>
  <testcase name="tc22" time="5.435" classname="ParallelTest.RedbusEdge"/>
  <testcase name="tc22" time="4.492" classname="ParallelTest.RedbusEdge"/>
</testsuite> <!-- Default test -->
