<?xml version="1.0" encoding="UTF-8"?>
<!-- Generated by org.testng.reporters.JUnitXMLReporter -->
<testsuite hostname="DESKTOP-COF0CMN" ignored="0" name="Test2" tests="1" failures="1" timestamp="18 Apr 2020 07:05:12 GMT" time="0.007" errors="0">
  <testcase name="tc1" time="0.0" classname="ParallelTest.RedbusData">
    <failure type="org.testng.internal.reflect.MethodMatcherException" message="
Data provider mismatch
Method: tc1([Parameter{index=0, type=java.lang.String, declaredAnnotations=[]}, Parameter{index=1, type=java.lang.String, declaredAnnotations=[]}, Parameter{index=2, type=java.lang.String, declaredAnnotations=[]}])
Arguments: [(java.lang.String) chennai,(java.lang.String) coimbatore]">
      <![CDATA[org.testng.internal.reflect.MethodMatcherException: 
Data provider mismatch
Method: tc1([Parameter{index=0, type=java.lang.String, declaredAnnotations=[]}, Parameter{index=1, type=java.lang.String, declaredAnnotations=[]}, Parameter{index=2, type=java.lang.String, declaredAnnotations=[]}])
Arguments: [(java.lang.String) chennai,(java.lang.String) coimbatore]
... Removed 20 stack frames]]>
    </failure>
  </testcase> <!-- tc1 -->
</testsuite> <!-- Test2 -->
